[2026-04-10T07:35:19] Single-patient prediction
hospital_name: Hospital_C
model_path: C:\Users\Vivek wadher\OneDrive\Desktop\Documents\New project\FedLite_Project\Hospital_C\communication\received_global_models\current_global_model.pt
patient_case_id: CASE-20260410-073519
probability: 0.998951
predicted_label: 1
status: completed

[2026-04-10T07:35:19] Prediction report generated
hospital_name: Hospital_C
patient_case_id: CASE-20260410-073519
report_path: C:\Users\Vivek wadher\OneDrive\Desktop\Documents\New project\FedLite_Project\Hospital_C\reports\predictions\patient_prediction_20260410_073519_957286.txt
prediction_registry_path: C:\Users\Vivek wadher\OneDrive\Desktop\Documents\New project\FedLite_Project\Hospital_C\reports\predictions\patient_prediction_registry.csv
predicted_patients_path: C:\Users\Vivek wadher\OneDrive\Desktop\Documents\New project\FedLite_Project\Hospital_C\reports\predictions\predicted_patients.csv
result_label: High diabetes risk
confidence_score: 0.998951

[2026-04-10T14:34:49] Single-patient prediction
hospital_name: Hospital_C
model_path: C:\Users\Vivek wadher\OneDrive\Desktop\Documents\New project\FedLite_Project\Hospital_C\communication\received_global_models\current_global_model.pt
patient_case_id: CASE-20260410-143449
probability: 0.999807
predicted_label: 1
status: completed

[2026-04-10T14:34:49] Prediction report generated
hospital_name: Hospital_C
patient_case_id: CASE-20260410-143449
report_path: C:\Users\Vivek wadher\OneDrive\Desktop\Documents\New project\FedLite_Project\Hospital_C\reports\predictions\patient_prediction_20260410_143449_728885.txt
prediction_registry_path: C:\Users\Vivek wadher\OneDrive\Desktop\Documents\New project\FedLite_Project\Hospital_C\reports\predictions\patient_prediction_registry.csv
predicted_patients_path: C:\Users\Vivek wadher\OneDrive\Desktop\Documents\New project\FedLite_Project\Hospital_C\reports\predictions\predicted_patients.csv
result_label: High diabetes risk
confidence_score: 0.999807

