[2026-04-07T18:29:04] Receiving global model via LTX
hospital_name: Hospital_C
round_name: pending
bind_host: 127.0.0.1
bind_port: 9103
destination_path: C:\Users\Vivek wadher\OneDrive\Desktop\Documents\New project\FedLite_Project\Hospital_C\communication\received_global_models\incoming_global_model.pt

[2026-04-07T18:29:05] Global model received via LTX
hospital_name: Hospital_C
round_name: round_000
sender_address: 127.0.0.1
sender_port: 13881
received_bytes: 2683
destination_path: C:\Users\Vivek wadher\OneDrive\Desktop\Documents\New project\FedLite_Project\Hospital_C\communication\received_global_models\incoming_global_model.pt
file_name: global_model_latest.pt

[2026-04-07T18:29:08] Sending local update via LTX
hospital_name: Hospital_C
round_name: round_001
target_host: 127.0.0.1
target_port: 9203
source_path: C:\Users\Vivek wadher\OneDrive\Desktop\Documents\New project\FedLite_Project\Hospital_C\communication\local_model_updates\round_001_hospital_c_update.pt

[2026-04-07T18:29:08] Local update sent via LTX
hospital_name: Hospital_C
round_name: round_001
bytes_sent: 4523
file_size: 4523
source_path: C:\Users\Vivek wadher\OneDrive\Desktop\Documents\New project\FedLite_Project\Hospital_C\communication\local_model_updates\round_001_hospital_c_update.pt
target_host: 127.0.0.1
target_port: 9203

[2026-04-07T18:29:08] Receiving global model via LTX
hospital_name: Hospital_C
round_name: round_001
bind_host: 127.0.0.1
bind_port: 9103
destination_path: C:\Users\Vivek wadher\OneDrive\Desktop\Documents\New project\FedLite_Project\Hospital_C\communication\received_global_models\incoming_global_model.pt

[2026-04-07T18:29:08] Global model received via LTX
hospital_name: Hospital_C
round_name: round_001
sender_address: 127.0.0.1
sender_port: 4936
received_bytes: 2795
destination_path: C:\Users\Vivek wadher\OneDrive\Desktop\Documents\New project\FedLite_Project\Hospital_C\communication\received_global_models\incoming_global_model.pt
file_name: global_model_latest.pt

[2026-04-07T18:30:16] Sending local update via LTX
hospital_name: Hospital_C
round_name: round_002
target_host: 127.0.0.1
target_port: 9203
source_path: C:\Users\Vivek wadher\OneDrive\Desktop\Documents\New project\FedLite_Project\Hospital_C\communication\local_model_updates\round_002_hospital_c_update.pt

[2026-04-07T18:30:16] Local update sent via LTX
hospital_name: Hospital_C
round_name: round_002
bytes_sent: 4417
file_size: 4417
source_path: C:\Users\Vivek wadher\OneDrive\Desktop\Documents\New project\FedLite_Project\Hospital_C\communication\local_model_updates\round_002_hospital_c_update.pt
target_host: 127.0.0.1
target_port: 9203

[2026-04-07T18:30:16] Receiving global model via LTX
hospital_name: Hospital_C
round_name: round_002
bind_host: 127.0.0.1
bind_port: 9103
destination_path: C:\Users\Vivek wadher\OneDrive\Desktop\Documents\New project\FedLite_Project\Hospital_C\communication\received_global_models\incoming_global_model.pt

[2026-04-07T18:30:19] Global model received via LTX
hospital_name: Hospital_C
round_name: round_002
sender_address: 127.0.0.1
sender_port: 3949
received_bytes: 2790
destination_path: C:\Users\Vivek wadher\OneDrive\Desktop\Documents\New project\FedLite_Project\Hospital_C\communication\received_global_models\incoming_global_model.pt
file_name: global_model_latest.pt

[2026-04-07T19:20:52] Sending local update via LTX
hospital_name: Hospital_C
round_name: round_003
target_host: 127.0.0.1
target_port: 9203
source_path: C:\Users\Vivek wadher\OneDrive\Desktop\Documents\New project\FedLite_Project\Hospital_C\communication\local_model_updates\round_003_hospital_c_update.pt

[2026-04-07T19:20:53] Local update sent via LTX
hospital_name: Hospital_C
round_name: round_003
bytes_sent: 4464
file_size: 4464
source_path: C:\Users\Vivek wadher\OneDrive\Desktop\Documents\New project\FedLite_Project\Hospital_C\communication\local_model_updates\round_003_hospital_c_update.pt
target_host: 127.0.0.1
target_port: 9203

[2026-04-07T19:20:53] Receiving global model via LTX
hospital_name: Hospital_C
round_name: round_003
bind_host: 127.0.0.1
bind_port: 9103
destination_path: C:\Users\Vivek wadher\OneDrive\Desktop\Documents\New project\FedLite_Project\Hospital_C\communication\received_global_models\incoming_global_model.pt

[2026-04-07T19:20:59] Global model received via LTX
hospital_name: Hospital_C
round_name: round_003
sender_address: 127.0.0.1
sender_port: 12299
received_bytes: 2807
destination_path: C:\Users\Vivek wadher\OneDrive\Desktop\Documents\New project\FedLite_Project\Hospital_C\communication\received_global_models\incoming_global_model.pt
file_name: global_model_latest.pt

[2026-04-09T16:37:39] Sending local update via LTX
hospital_name: Hospital_C
round_name: round_004
target_host: 127.0.0.1
target_port: 9203
source_path: C:\Users\Vivek wadher\OneDrive\Desktop\Documents\New project\FedLite_Project\Hospital_C\communication\local_model_updates\round_004_hospital_c_update.pt

[2026-04-09T16:37:43] Local update sent via LTX
hospital_name: Hospital_C
round_name: round_004
bytes_sent: 4399
file_size: 4399
source_path: C:\Users\Vivek wadher\OneDrive\Desktop\Documents\New project\FedLite_Project\Hospital_C\communication\local_model_updates\round_004_hospital_c_update.pt
target_host: 127.0.0.1
target_port: 9203

[2026-04-09T16:37:43] Receiving global model via LTX
hospital_name: Hospital_C
round_name: round_004
bind_host: 127.0.0.1
bind_port: 9103
destination_path: C:\Users\Vivek wadher\OneDrive\Desktop\Documents\New project\FedLite_Project\Hospital_C\communication\received_global_models\incoming_global_model.pt

[2026-04-09T16:37:51] Global model received via LTX
hospital_name: Hospital_C
round_name: round_004
sender_address: 127.0.0.1
sender_port: 7229
received_bytes: 2808
destination_path: C:\Users\Vivek wadher\OneDrive\Desktop\Documents\New project\FedLite_Project\Hospital_C\communication\received_global_models\incoming_global_model.pt
file_name: global_model_latest.pt

[2026-04-10T07:24:14] Sending local update via LTX
hospital_name: Hospital_C
round_name: round_005
target_host: 127.0.0.1
target_port: 9203
source_path: C:\Users\Vivek wadher\OneDrive\Desktop\Documents\New project\FedLite_Project\Hospital_C\communication\local_model_updates\round_005_hospital_c_update.pt

[2026-04-10T07:24:14] Local update sent via LTX
hospital_name: Hospital_C
round_name: round_005
bytes_sent: 4385
file_size: 4385
source_path: C:\Users\Vivek wadher\OneDrive\Desktop\Documents\New project\FedLite_Project\Hospital_C\communication\local_model_updates\round_005_hospital_c_update.pt
target_host: 127.0.0.1
target_port: 9203

[2026-04-10T07:24:14] Receiving global model via LTX
hospital_name: Hospital_C
round_name: round_005
bind_host: 127.0.0.1
bind_port: 9103
destination_path: C:\Users\Vivek wadher\OneDrive\Desktop\Documents\New project\FedLite_Project\Hospital_C\communication\received_global_models\incoming_global_model.pt

[2026-04-10T07:24:16] Global model received via LTX
hospital_name: Hospital_C
round_name: round_005
sender_address: 127.0.0.1
sender_port: 13743
received_bytes: 2793
destination_path: C:\Users\Vivek wadher\OneDrive\Desktop\Documents\New project\FedLite_Project\Hospital_C\communication\received_global_models\incoming_global_model.pt
file_name: global_model_latest.pt

[2026-04-10T11:34:09] Sending local update via LTX
hospital_name: Hospital_C
round_name: round_006
target_host: 127.0.0.1
target_port: 9203
source_path: C:\Users\Vivek wadher\OneDrive\Desktop\Documents\New project\FedLite_Project\Hospital_C\communication\local_model_updates\round_006_hospital_c_update.pt

[2026-04-10T11:34:09] Local update sent via LTX
hospital_name: Hospital_C
round_name: round_006
bytes_sent: 4375
file_size: 4375
source_path: C:\Users\Vivek wadher\OneDrive\Desktop\Documents\New project\FedLite_Project\Hospital_C\communication\local_model_updates\round_006_hospital_c_update.pt
target_host: 127.0.0.1
target_port: 9203

[2026-04-10T11:34:09] Receiving global model via LTX
hospital_name: Hospital_C
round_name: round_006
bind_host: 127.0.0.1
bind_port: 9103
destination_path: C:\Users\Vivek wadher\OneDrive\Desktop\Documents\New project\FedLite_Project\Hospital_C\communication\received_global_models\incoming_global_model.pt

[2026-04-10T11:34:10] Global model received via LTX
hospital_name: Hospital_C
round_name: round_006
sender_address: 127.0.0.1
sender_port: 5232
received_bytes: 2789
destination_path: C:\Users\Vivek wadher\OneDrive\Desktop\Documents\New project\FedLite_Project\Hospital_C\communication\received_global_models\incoming_global_model.pt
file_name: global_model_latest.pt

[2026-04-10T12:38:00] Sending local update via LTX
hospital_name: Hospital_C
round_name: round_007
target_host: 127.0.0.1
target_port: 9203
source_path: C:\Users\Vivek wadher\OneDrive\Desktop\Documents\New project\FedLite_Project\Hospital_C\communication\local_model_updates\round_007_hospital_c_update.pt

[2026-04-10T12:38:00] Local update sent via LTX
hospital_name: Hospital_C
round_name: round_007
bytes_sent: 4352
file_size: 4352
source_path: C:\Users\Vivek wadher\OneDrive\Desktop\Documents\New project\FedLite_Project\Hospital_C\communication\local_model_updates\round_007_hospital_c_update.pt
target_host: 127.0.0.1
target_port: 9203

[2026-04-10T12:38:00] Receiving global model via LTX
hospital_name: Hospital_C
round_name: round_007
bind_host: 127.0.0.1
bind_port: 9103
destination_path: C:\Users\Vivek wadher\OneDrive\Desktop\Documents\New project\FedLite_Project\Hospital_C\communication\received_global_models\incoming_global_model.pt

[2026-04-10T12:38:04] Global model received via LTX
hospital_name: Hospital_C
round_name: round_007
sender_address: 127.0.0.1
sender_port: 2101
received_bytes: 2794
destination_path: C:\Users\Vivek wadher\OneDrive\Desktop\Documents\New project\FedLite_Project\Hospital_C\communication\received_global_models\incoming_global_model.pt
file_name: global_model_latest.pt

[2026-04-10T14:33:36] Sending local update via LTX
hospital_name: Hospital_C
round_name: round_008
target_host: 127.0.0.1
target_port: 9203
source_path: C:\Users\Vivek wadher\OneDrive\Desktop\Documents\New project\FedLite_Project\Hospital_C\communication\local_model_updates\round_008_hospital_c_update.pt

[2026-04-10T14:33:36] Local update sent via LTX
hospital_name: Hospital_C
round_name: round_008
bytes_sent: 4378
file_size: 4378
source_path: C:\Users\Vivek wadher\OneDrive\Desktop\Documents\New project\FedLite_Project\Hospital_C\communication\local_model_updates\round_008_hospital_c_update.pt
target_host: 127.0.0.1
target_port: 9203

[2026-04-10T14:33:36] Receiving global model via LTX
hospital_name: Hospital_C
round_name: round_008
bind_host: 127.0.0.1
bind_port: 9103
destination_path: C:\Users\Vivek wadher\OneDrive\Desktop\Documents\New project\FedLite_Project\Hospital_C\communication\received_global_models\incoming_global_model.pt

[2026-04-10T14:33:36] Global model received via LTX
hospital_name: Hospital_C
round_name: round_008
sender_address: 127.0.0.1
sender_port: 14620
received_bytes: 2797
destination_path: C:\Users\Vivek wadher\OneDrive\Desktop\Documents\New project\FedLite_Project\Hospital_C\communication\received_global_models\incoming_global_model.pt
file_name: global_model_latest.pt

