[2026-04-07T18:28:42] Dataset validation completed
hospital_name: Hospital_A
dataset_path: C:\Users\Vivek wadher\OneDrive\Desktop\Documents\New project\FedLite_Project\Hospital_A\uploads\NODE_A_100.csv
validation_status: PASS
validation_report_path: C:\Users\Vivek wadher\OneDrive\Desktop\Documents\New project\FedLite_Project\Hospital_A\reports\validation\NODE_A_100_validation_20260407_182842_533028.txt
missing_columns: None
invalid_row_count: 0
suspicious_row_count: 0
rows_with_missing_features: 0

[2026-04-07T18:28:48] Training completed
hospital_name: Hospital_A
round_name: standalone
status: completed
dataset_path: C:\Users\Vivek wadher\OneDrive\Desktop\Documents\New project\FedLite_Project\Hospital_A\uploads\NODE_A_100.csv
validation_status: PASS
validation_report_path: C:\Users\Vivek wadher\OneDrive\Desktop\Documents\New project\FedLite_Project\Hospital_A\reports\validation\NODE_A_100_validation_20260407_182842_533028.txt
initial_model_path: None
model_path: C:\Users\Vivek wadher\OneDrive\Desktop\Documents\New project\FedLite_Project\Hospital_A\models\hospital_a_diabetes_classifier.pt
local_update_path: None
device: cpu
training_rows: 75
validation_rows: 25
validation_loss: 0.004405
validation_accuracy: 1.0

[2026-04-07T18:29:03] Dataset validation completed
hospital_name: Hospital_A
dataset_path: C:\Users\Vivek wadher\OneDrive\Desktop\Documents\New project\FedLite_Project\Hospital_A\uploads\NODE_A_100.csv
validation_status: PASS
validation_report_path: C:\Users\Vivek wadher\OneDrive\Desktop\Documents\New project\FedLite_Project\Hospital_A\reports\validation\NODE_A_100_validation_20260407_182903_216212.txt
missing_columns: None
invalid_row_count: 0
suspicious_row_count: 0
rows_with_missing_features: 0

[2026-04-07T18:29:06] Training completed
hospital_name: Hospital_A
round_name: round_001
status: completed
dataset_path: C:\Users\Vivek wadher\OneDrive\Desktop\Documents\New project\FedLite_Project\Hospital_A\uploads\NODE_A_100.csv
validation_status: PASS
validation_report_path: C:\Users\Vivek wadher\OneDrive\Desktop\Documents\New project\FedLite_Project\Hospital_A\reports\validation\NODE_A_100_validation_20260407_182903_216212.txt
initial_model_path: C:\Users\Vivek wadher\OneDrive\Desktop\Documents\New project\FedLite_Project\Hospital_A\communication\received_global_models\current_global_model.pt
model_path: C:\Users\Vivek wadher\OneDrive\Desktop\Documents\New project\FedLite_Project\Hospital_A\models\hospital_a_diabetes_classifier.pt
local_update_path: C:\Users\Vivek wadher\OneDrive\Desktop\Documents\New project\FedLite_Project\Hospital_A\communication\local_model_updates\round_001_hospital_a_update.pt
device: cpu
training_rows: 75
validation_rows: 25
validation_loss: 0.01827
validation_accuracy: 1.0

[2026-04-07T18:30:10] Dataset validation completed
hospital_name: Hospital_A
dataset_path: C:\Users\Vivek wadher\OneDrive\Desktop\Documents\New project\FedLite_Project\Hospital_A\uploads\NODE_A_100.csv
validation_status: PASS
validation_report_path: C:\Users\Vivek wadher\OneDrive\Desktop\Documents\New project\FedLite_Project\Hospital_A\reports\validation\NODE_A_100_validation_20260407_183010_165846.txt
missing_columns: None
invalid_row_count: 0
suspicious_row_count: 0
rows_with_missing_features: 0

[2026-04-07T18:30:13] Training completed
hospital_name: Hospital_A
round_name: round_002
status: completed
dataset_path: C:\Users\Vivek wadher\OneDrive\Desktop\Documents\New project\FedLite_Project\Hospital_A\uploads\NODE_A_100.csv
validation_status: PASS
validation_report_path: C:\Users\Vivek wadher\OneDrive\Desktop\Documents\New project\FedLite_Project\Hospital_A\reports\validation\NODE_A_100_validation_20260407_183010_165846.txt
initial_model_path: C:\Users\Vivek wadher\OneDrive\Desktop\Documents\New project\FedLite_Project\Hospital_A\communication\received_global_models\current_global_model.pt
model_path: C:\Users\Vivek wadher\OneDrive\Desktop\Documents\New project\FedLite_Project\Hospital_A\models\hospital_a_diabetes_classifier.pt
local_update_path: C:\Users\Vivek wadher\OneDrive\Desktop\Documents\New project\FedLite_Project\Hospital_A\communication\local_model_updates\round_002_hospital_a_update.pt
device: cpu
training_rows: 75
validation_rows: 25
validation_loss: 0.002102
validation_accuracy: 1.0

[2026-04-07T19:20:11] Dataset validation completed
hospital_name: Hospital_A
dataset_path: C:\Users\Vivek wadher\OneDrive\Desktop\Documents\New project\FedLite_Project\Hospital_A\uploads\NODE_SET_1_100.csv
validation_status: PASS
validation_report_path: C:\Users\Vivek wadher\OneDrive\Desktop\Documents\New project\FedLite_Project\Hospital_A\reports\validation\NODE_SET_1_100_validation_20260407_192011_494504.txt
missing_columns: None
invalid_row_count: 0
suspicious_row_count: 0
rows_with_missing_features: 0

[2026-04-07T19:20:18] Training completed
hospital_name: Hospital_A
round_name: standalone
status: completed
dataset_path: C:\Users\Vivek wadher\OneDrive\Desktop\Documents\New project\FedLite_Project\Hospital_A\uploads\NODE_SET_1_100.csv
validation_status: PASS
validation_report_path: C:\Users\Vivek wadher\OneDrive\Desktop\Documents\New project\FedLite_Project\Hospital_A\reports\validation\NODE_SET_1_100_validation_20260407_192011_494504.txt
initial_model_path: None
model_path: C:\Users\Vivek wadher\OneDrive\Desktop\Documents\New project\FedLite_Project\Hospital_A\models\hospital_a_diabetes_classifier.pt
local_update_path: None
device: cpu
training_rows: 75
validation_rows: 25
validation_loss: 0.412608
validation_accuracy: 0.88

[2026-04-07T19:20:53] Dataset validation completed
hospital_name: Hospital_A
dataset_path: C:\Users\Vivek wadher\OneDrive\Desktop\Documents\New project\FedLite_Project\Hospital_A\uploads\NODE_SET_1_100.csv
validation_status: PASS
validation_report_path: C:\Users\Vivek wadher\OneDrive\Desktop\Documents\New project\FedLite_Project\Hospital_A\reports\validation\NODE_SET_1_100_validation_20260407_192053_554424.txt
missing_columns: None
invalid_row_count: 0
suspicious_row_count: 0
rows_with_missing_features: 0

[2026-04-07T19:20:59] Training completed
hospital_name: Hospital_A
round_name: round_003
status: completed
dataset_path: C:\Users\Vivek wadher\OneDrive\Desktop\Documents\New project\FedLite_Project\Hospital_A\uploads\NODE_SET_1_100.csv
validation_status: PASS
validation_report_path: C:\Users\Vivek wadher\OneDrive\Desktop\Documents\New project\FedLite_Project\Hospital_A\reports\validation\NODE_SET_1_100_validation_20260407_192053_554424.txt
initial_model_path: C:\Users\Vivek wadher\OneDrive\Desktop\Documents\New project\FedLite_Project\Hospital_A\communication\received_global_models\current_global_model.pt
model_path: C:\Users\Vivek wadher\OneDrive\Desktop\Documents\New project\FedLite_Project\Hospital_A\models\hospital_a_diabetes_classifier.pt
local_update_path: C:\Users\Vivek wadher\OneDrive\Desktop\Documents\New project\FedLite_Project\Hospital_A\communication\local_model_updates\round_003_hospital_a_update.pt
device: cpu
training_rows: 75
validation_rows: 25
validation_loss: 0.656185
validation_accuracy: 0.88

[2026-04-09T16:37:03] Dataset validation completed
hospital_name: Hospital_A
dataset_path: C:\Users\Vivek wadher\OneDrive\Desktop\Documents\New project\FedLite_Project\Hospital_A\uploads\NODE_A_100.csv
validation_status: PASS
validation_report_path: C:\Users\Vivek wadher\OneDrive\Desktop\Documents\New project\FedLite_Project\Hospital_A\reports\validation\NODE_A_100_validation_20260409_163703_197781.txt
missing_columns: None
invalid_row_count: 0
suspicious_row_count: 0
rows_with_missing_features: 0

[2026-04-09T16:37:08] Training completed
hospital_name: Hospital_A
round_name: standalone
status: completed
dataset_path: C:\Users\Vivek wadher\OneDrive\Desktop\Documents\New project\FedLite_Project\Hospital_A\uploads\NODE_A_100.csv
validation_status: PASS
validation_report_path: C:\Users\Vivek wadher\OneDrive\Desktop\Documents\New project\FedLite_Project\Hospital_A\reports\validation\NODE_A_100_validation_20260409_163703_197781.txt
initial_model_path: None
model_path: C:\Users\Vivek wadher\OneDrive\Desktop\Documents\New project\FedLite_Project\Hospital_A\models\hospital_a_diabetes_classifier.pt
local_update_path: None
device: cpu
training_rows: 75
validation_rows: 25
validation_loss: 0.004405
validation_accuracy: 1.0

[2026-04-09T16:37:38] Dataset validation completed
hospital_name: Hospital_A
dataset_path: C:\Users\Vivek wadher\OneDrive\Desktop\Documents\New project\FedLite_Project\Hospital_A\uploads\NODE_A_100.csv
validation_status: PASS
validation_report_path: C:\Users\Vivek wadher\OneDrive\Desktop\Documents\New project\FedLite_Project\Hospital_A\reports\validation\NODE_A_100_validation_20260409_163738_630136.txt
missing_columns: None
invalid_row_count: 0
suspicious_row_count: 0
rows_with_missing_features: 0

[2026-04-09T16:37:42] Training completed
hospital_name: Hospital_A
round_name: round_004
status: completed
dataset_path: C:\Users\Vivek wadher\OneDrive\Desktop\Documents\New project\FedLite_Project\Hospital_A\uploads\NODE_A_100.csv
validation_status: PASS
validation_report_path: C:\Users\Vivek wadher\OneDrive\Desktop\Documents\New project\FedLite_Project\Hospital_A\reports\validation\NODE_A_100_validation_20260409_163738_630136.txt
initial_model_path: C:\Users\Vivek wadher\OneDrive\Desktop\Documents\New project\FedLite_Project\Hospital_A\communication\received_global_models\current_global_model.pt
model_path: C:\Users\Vivek wadher\OneDrive\Desktop\Documents\New project\FedLite_Project\Hospital_A\models\hospital_a_diabetes_classifier.pt
local_update_path: C:\Users\Vivek wadher\OneDrive\Desktop\Documents\New project\FedLite_Project\Hospital_A\communication\local_model_updates\round_004_hospital_a_update.pt
device: cpu
training_rows: 75
validation_rows: 25
validation_loss: 0.00135
validation_accuracy: 1.0

[2026-04-10T07:23:43] Dataset validation completed
hospital_name: Hospital_A
dataset_path: C:\Users\Vivek wadher\OneDrive\Desktop\Documents\New project\FedLite_Project\Hospital_A\uploads\NODE_A_100.csv
validation_status: PASS
validation_report_path: C:\Users\Vivek wadher\OneDrive\Desktop\Documents\New project\FedLite_Project\Hospital_A\reports\validation\NODE_A_100_validation_20260410_072343_934622.txt
missing_columns: None
invalid_row_count: 0
suspicious_row_count: 0
rows_with_missing_features: 0

[2026-04-10T07:23:51] Training completed
hospital_name: Hospital_A
round_name: standalone
status: completed
dataset_path: C:\Users\Vivek wadher\OneDrive\Desktop\Documents\New project\FedLite_Project\Hospital_A\uploads\NODE_A_100.csv
validation_status: PASS
validation_report_path: C:\Users\Vivek wadher\OneDrive\Desktop\Documents\New project\FedLite_Project\Hospital_A\reports\validation\NODE_A_100_validation_20260410_072343_934622.txt
initial_model_path: None
model_path: C:\Users\Vivek wadher\OneDrive\Desktop\Documents\New project\FedLite_Project\Hospital_A\models\hospital_a_diabetes_classifier.pt
local_update_path: None
device: cpu
training_rows: 75
validation_rows: 25
validation_loss: 0.004405
validation_accuracy: 1.0

[2026-04-10T07:24:10] Dataset validation completed
hospital_name: Hospital_A
dataset_path: C:\Users\Vivek wadher\OneDrive\Desktop\Documents\New project\FedLite_Project\Hospital_A\uploads\NODE_A_100.csv
validation_status: PASS
validation_report_path: C:\Users\Vivek wadher\OneDrive\Desktop\Documents\New project\FedLite_Project\Hospital_A\reports\validation\NODE_A_100_validation_20260410_072410_924843.txt
missing_columns: None
invalid_row_count: 0
suspicious_row_count: 0
rows_with_missing_features: 0

[2026-04-10T07:24:16] Training completed
hospital_name: Hospital_A
round_name: round_005
status: completed
dataset_path: C:\Users\Vivek wadher\OneDrive\Desktop\Documents\New project\FedLite_Project\Hospital_A\uploads\NODE_A_100.csv
validation_status: PASS
validation_report_path: C:\Users\Vivek wadher\OneDrive\Desktop\Documents\New project\FedLite_Project\Hospital_A\reports\validation\NODE_A_100_validation_20260410_072410_924843.txt
initial_model_path: C:\Users\Vivek wadher\OneDrive\Desktop\Documents\New project\FedLite_Project\Hospital_A\communication\received_global_models\current_global_model.pt
model_path: C:\Users\Vivek wadher\OneDrive\Desktop\Documents\New project\FedLite_Project\Hospital_A\models\hospital_a_diabetes_classifier.pt
local_update_path: C:\Users\Vivek wadher\OneDrive\Desktop\Documents\New project\FedLite_Project\Hospital_A\communication\local_model_updates\round_005_hospital_a_update.pt
device: cpu
training_rows: 75
validation_rows: 25
validation_loss: 0.000927
validation_accuracy: 1.0

[2026-04-10T11:33:29] Dataset validation completed
hospital_name: Hospital_A
dataset_path: C:\Users\Vivek wadher\OneDrive\Desktop\Documents\New project\FedLite_Project\Hospital_A\uploads\NODE_A_100.csv
validation_status: PASS
validation_report_path: C:\Users\Vivek wadher\OneDrive\Desktop\Documents\New project\FedLite_Project\Hospital_A\reports\validation\NODE_A_100_validation_20260410_113329_711627.txt
missing_columns: None
invalid_row_count: 0
suspicious_row_count: 0
rows_with_missing_features: 0

[2026-04-10T11:33:34] Training completed
hospital_name: Hospital_A
round_name: standalone
status: completed
dataset_path: C:\Users\Vivek wadher\OneDrive\Desktop\Documents\New project\FedLite_Project\Hospital_A\uploads\NODE_A_100.csv
validation_status: PASS
validation_report_path: C:\Users\Vivek wadher\OneDrive\Desktop\Documents\New project\FedLite_Project\Hospital_A\reports\validation\NODE_A_100_validation_20260410_113329_711627.txt
initial_model_path: None
model_path: C:\Users\Vivek wadher\OneDrive\Desktop\Documents\New project\FedLite_Project\Hospital_A\models\hospital_a_diabetes_classifier.pt
local_update_path: None
device: cpu
training_rows: 75
validation_rows: 25
validation_loss: 0.004405
validation_accuracy: 1.0

[2026-04-10T11:34:04] Dataset validation completed
hospital_name: Hospital_A
dataset_path: C:\Users\Vivek wadher\OneDrive\Desktop\Documents\New project\FedLite_Project\Hospital_A\uploads\NODE_A_100.csv
validation_status: PASS
validation_report_path: C:\Users\Vivek wadher\OneDrive\Desktop\Documents\New project\FedLite_Project\Hospital_A\reports\validation\NODE_A_100_validation_20260410_113404_420258.txt
missing_columns: None
invalid_row_count: 0
suspicious_row_count: 0
rows_with_missing_features: 0

[2026-04-10T11:34:10] Training completed
hospital_name: Hospital_A
round_name: round_006
status: completed
dataset_path: C:\Users\Vivek wadher\OneDrive\Desktop\Documents\New project\FedLite_Project\Hospital_A\uploads\NODE_A_100.csv
validation_status: PASS
validation_report_path: C:\Users\Vivek wadher\OneDrive\Desktop\Documents\New project\FedLite_Project\Hospital_A\reports\validation\NODE_A_100_validation_20260410_113404_420258.txt
initial_model_path: C:\Users\Vivek wadher\OneDrive\Desktop\Documents\New project\FedLite_Project\Hospital_A\communication\received_global_models\current_global_model.pt
model_path: C:\Users\Vivek wadher\OneDrive\Desktop\Documents\New project\FedLite_Project\Hospital_A\models\hospital_a_diabetes_classifier.pt
local_update_path: C:\Users\Vivek wadher\OneDrive\Desktop\Documents\New project\FedLite_Project\Hospital_A\communication\local_model_updates\round_006_hospital_a_update.pt
device: cpu
training_rows: 75
validation_rows: 25
validation_loss: 0.000418
validation_accuracy: 1.0

[2026-04-10T12:09:14] Dataset validation completed
hospital_name: Hospital_A
dataset_path: C:\Users\Vivek wadher\OneDrive\Desktop\Documents\New project\FedLite_Project\Hospital_A\uploads\NODE_A_100.csv
validation_status: PASS
validation_report_path: C:\Users\Vivek wadher\OneDrive\Desktop\Documents\New project\FedLite_Project\Hospital_A\reports\validation\NODE_A_100_validation_20260410_120914_689682.txt
missing_columns: None
invalid_row_count: 0
suspicious_row_count: 0
rows_with_missing_features: 0

[2026-04-10T12:09:16] Training completed
hospital_name: Hospital_A
round_name: standalone
status: completed
dataset_path: C:\Users\Vivek wadher\OneDrive\Desktop\Documents\New project\FedLite_Project\Hospital_A\uploads\NODE_A_100.csv
validation_status: PASS
validation_report_path: C:\Users\Vivek wadher\OneDrive\Desktop\Documents\New project\FedLite_Project\Hospital_A\reports\validation\NODE_A_100_validation_20260410_120914_689682.txt
initial_model_path: None
model_path: C:\Users\Vivek wadher\OneDrive\Desktop\Documents\New project\FedLite_Project\Hospital_A\models\hospital_a_diabetes_classifier.pt
local_update_path: None
device: cpu
training_rows: 75
validation_rows: 25
validation_loss: 0.004405
validation_accuracy: 1.0

[2026-04-10T12:37:40] Dataset validation completed
hospital_name: Hospital_A
dataset_path: C:\Users\Vivek wadher\OneDrive\Desktop\Documents\New project\FedLite_Project\Hospital_A\uploads\NODE_A_100.csv
validation_status: PASS
validation_report_path: C:\Users\Vivek wadher\OneDrive\Desktop\Documents\New project\FedLite_Project\Hospital_A\reports\validation\NODE_A_100_validation_20260410_123740_259538.txt
missing_columns: None
invalid_row_count: 0
suspicious_row_count: 0
rows_with_missing_features: 0

[2026-04-10T12:37:46] Training completed
hospital_name: Hospital_A
round_name: standalone
status: completed
dataset_path: C:\Users\Vivek wadher\OneDrive\Desktop\Documents\New project\FedLite_Project\Hospital_A\uploads\NODE_A_100.csv
validation_status: PASS
validation_report_path: C:\Users\Vivek wadher\OneDrive\Desktop\Documents\New project\FedLite_Project\Hospital_A\reports\validation\NODE_A_100_validation_20260410_123740_259538.txt
initial_model_path: None
model_path: C:\Users\Vivek wadher\OneDrive\Desktop\Documents\New project\FedLite_Project\Hospital_A\models\hospital_a_diabetes_classifier.pt
local_update_path: None
device: cpu
training_rows: 75
validation_rows: 25
validation_loss: 0.004405
validation_accuracy: 1.0

[2026-04-10T12:37:58] Dataset validation completed
hospital_name: Hospital_A
dataset_path: C:\Users\Vivek wadher\OneDrive\Desktop\Documents\New project\FedLite_Project\Hospital_A\uploads\NODE_A_100.csv
validation_status: PASS
validation_report_path: C:\Users\Vivek wadher\OneDrive\Desktop\Documents\New project\FedLite_Project\Hospital_A\reports\validation\NODE_A_100_validation_20260410_123758_467328.txt
missing_columns: None
invalid_row_count: 0
suspicious_row_count: 0
rows_with_missing_features: 0

[2026-04-10T12:38:04] Training completed
hospital_name: Hospital_A
round_name: round_007
status: completed
dataset_path: C:\Users\Vivek wadher\OneDrive\Desktop\Documents\New project\FedLite_Project\Hospital_A\uploads\NODE_A_100.csv
validation_status: PASS
validation_report_path: C:\Users\Vivek wadher\OneDrive\Desktop\Documents\New project\FedLite_Project\Hospital_A\reports\validation\NODE_A_100_validation_20260410_123758_467328.txt
initial_model_path: C:\Users\Vivek wadher\OneDrive\Desktop\Documents\New project\FedLite_Project\Hospital_A\communication\received_global_models\current_global_model.pt
model_path: C:\Users\Vivek wadher\OneDrive\Desktop\Documents\New project\FedLite_Project\Hospital_A\models\hospital_a_diabetes_classifier.pt
local_update_path: C:\Users\Vivek wadher\OneDrive\Desktop\Documents\New project\FedLite_Project\Hospital_A\communication\local_model_updates\round_007_hospital_a_update.pt
device: cpu
training_rows: 75
validation_rows: 25
validation_loss: 0.000248
validation_accuracy: 1.0

[2026-04-10T14:32:47] Dataset validation completed
hospital_name: Hospital_A
dataset_path: C:\Users\Vivek wadher\OneDrive\Desktop\Documents\New project\FedLite_Project\Hospital_A\uploads\NODE_A_100.csv
validation_status: PASS
validation_report_path: C:\Users\Vivek wadher\OneDrive\Desktop\Documents\New project\FedLite_Project\Hospital_A\reports\validation\NODE_A_100_validation_20260410_143247_592335.txt
missing_columns: None
invalid_row_count: 0
suspicious_row_count: 0
rows_with_missing_features: 0

[2026-04-10T14:32:53] Training completed
hospital_name: Hospital_A
round_name: standalone
status: completed
dataset_path: C:\Users\Vivek wadher\OneDrive\Desktop\Documents\New project\FedLite_Project\Hospital_A\uploads\NODE_A_100.csv
validation_status: PASS
validation_report_path: C:\Users\Vivek wadher\OneDrive\Desktop\Documents\New project\FedLite_Project\Hospital_A\reports\validation\NODE_A_100_validation_20260410_143247_592335.txt
initial_model_path: None
model_path: C:\Users\Vivek wadher\OneDrive\Desktop\Documents\New project\FedLite_Project\Hospital_A\models\hospital_a_diabetes_classifier.pt
local_update_path: None
device: cpu
training_rows: 75
validation_rows: 25
validation_loss: 0.004405
validation_accuracy: 1.0

[2026-04-10T14:33:20] Dataset validation completed
hospital_name: Hospital_A
dataset_path: C:\Users\Vivek wadher\OneDrive\Desktop\Documents\New project\FedLite_Project\Hospital_A\uploads\NODE_A_100.csv
validation_status: PASS
validation_report_path: C:\Users\Vivek wadher\OneDrive\Desktop\Documents\New project\FedLite_Project\Hospital_A\reports\validation\NODE_A_100_validation_20260410_143320_821729.txt
missing_columns: None
invalid_row_count: 0
suspicious_row_count: 0
rows_with_missing_features: 0

[2026-04-10T14:33:24] Training completed
hospital_name: Hospital_A
round_name: round_008
status: completed
dataset_path: C:\Users\Vivek wadher\OneDrive\Desktop\Documents\New project\FedLite_Project\Hospital_A\uploads\NODE_A_100.csv
validation_status: PASS
validation_report_path: C:\Users\Vivek wadher\OneDrive\Desktop\Documents\New project\FedLite_Project\Hospital_A\reports\validation\NODE_A_100_validation_20260410_143320_821729.txt
initial_model_path: C:\Users\Vivek wadher\OneDrive\Desktop\Documents\New project\FedLite_Project\Hospital_A\communication\received_global_models\current_global_model.pt
model_path: C:\Users\Vivek wadher\OneDrive\Desktop\Documents\New project\FedLite_Project\Hospital_A\models\hospital_a_diabetes_classifier.pt
local_update_path: C:\Users\Vivek wadher\OneDrive\Desktop\Documents\New project\FedLite_Project\Hospital_A\communication\local_model_updates\round_008_hospital_a_update.pt
device: cpu
training_rows: 75
validation_rows: 25
validation_loss: 0.000171
validation_accuracy: 1.0

