[2026-04-10T12:36:51] Single-patient prediction
hospital_name: Hospital_B
model_path: C:\Users\Vivek wadher\OneDrive\Desktop\Documents\New project\FedLite_Project\Hospital_B\communication\received_global_models\current_global_model.pt
patient_case_id: CASE-20260410-123651
probability: 0.999526
predicted_label: 1
status: completed

[2026-04-10T12:36:51] Prediction report generated
hospital_name: Hospital_B
patient_case_id: CASE-20260410-123651
report_path: C:\Users\Vivek wadher\OneDrive\Desktop\Documents\New project\FedLite_Project\Hospital_B\reports\predictions\patient_prediction_20260410_123651_350727.txt
prediction_registry_path: C:\Users\Vivek wadher\OneDrive\Desktop\Documents\New project\FedLite_Project\Hospital_B\reports\predictions\patient_prediction_registry.csv
predicted_patients_path: C:\Users\Vivek wadher\OneDrive\Desktop\Documents\New project\FedLite_Project\Hospital_B\reports\predictions\predicted_patients.csv
result_label: High diabetes risk
confidence_score: 0.999526

[2026-04-10T14:34:37] Single-patient prediction
hospital_name: Hospital_B
model_path: C:\Users\Vivek wadher\OneDrive\Desktop\Documents\New project\FedLite_Project\Hospital_B\communication\received_global_models\current_global_model.pt
patient_case_id: CASE-20260410-143437
probability: 0.999807
predicted_label: 1
status: completed

[2026-04-10T14:34:37] Prediction report generated
hospital_name: Hospital_B
patient_case_id: CASE-20260410-143437
report_path: C:\Users\Vivek wadher\OneDrive\Desktop\Documents\New project\FedLite_Project\Hospital_B\reports\predictions\patient_prediction_20260410_143437_896587.txt
prediction_registry_path: C:\Users\Vivek wadher\OneDrive\Desktop\Documents\New project\FedLite_Project\Hospital_B\reports\predictions\patient_prediction_registry.csv
predicted_patients_path: C:\Users\Vivek wadher\OneDrive\Desktop\Documents\New project\FedLite_Project\Hospital_B\reports\predictions\predicted_patients.csv
result_label: High diabetes risk
confidence_score: 0.999807

