[2026-04-07T18:29:01] Receiving global model via LTX
hospital_name: Hospital_B
round_name: pending
bind_host: 127.0.0.1
bind_port: 9102
destination_path: C:\Users\Vivek wadher\OneDrive\Desktop\Documents\New project\FedLite_Project\Hospital_B\communication\received_global_models\incoming_global_model.pt

[2026-04-07T18:29:01] Global model received via LTX
hospital_name: Hospital_B
round_name: round_000
sender_address: 127.0.0.1
sender_port: 13872
received_bytes: 2683
destination_path: C:\Users\Vivek wadher\OneDrive\Desktop\Documents\New project\FedLite_Project\Hospital_B\communication\received_global_models\incoming_global_model.pt
file_name: global_model_latest.pt

[2026-04-07T18:29:04] Sending local update via LTX
hospital_name: Hospital_B
round_name: round_001
target_host: 127.0.0.1
target_port: 9202
source_path: C:\Users\Vivek wadher\OneDrive\Desktop\Documents\New project\FedLite_Project\Hospital_B\communication\local_model_updates\round_001_hospital_b_update.pt

[2026-04-07T18:29:04] Local update sent via LTX
hospital_name: Hospital_B
round_name: round_001
bytes_sent: 4486
file_size: 4486
source_path: C:\Users\Vivek wadher\OneDrive\Desktop\Documents\New project\FedLite_Project\Hospital_B\communication\local_model_updates\round_001_hospital_b_update.pt
target_host: 127.0.0.1
target_port: 9202

[2026-04-07T18:29:04] Receiving global model via LTX
hospital_name: Hospital_B
round_name: round_001
bind_host: 127.0.0.1
bind_port: 9102
destination_path: C:\Users\Vivek wadher\OneDrive\Desktop\Documents\New project\FedLite_Project\Hospital_B\communication\received_global_models\incoming_global_model.pt

[2026-04-07T18:29:08] Global model received via LTX
hospital_name: Hospital_B
round_name: round_001
sender_address: 127.0.0.1
sender_port: 4938
received_bytes: 2795
destination_path: C:\Users\Vivek wadher\OneDrive\Desktop\Documents\New project\FedLite_Project\Hospital_B\communication\received_global_models\incoming_global_model.pt
file_name: global_model_latest.pt

[2026-04-07T18:30:19] Sending local update via LTX
hospital_name: Hospital_B
round_name: round_002
target_host: 127.0.0.1
target_port: 9202
source_path: C:\Users\Vivek wadher\OneDrive\Desktop\Documents\New project\FedLite_Project\Hospital_B\communication\local_model_updates\round_002_hospital_b_update.pt

[2026-04-07T18:30:19] Local update sent via LTX
hospital_name: Hospital_B
round_name: round_002
bytes_sent: 4400
file_size: 4400
source_path: C:\Users\Vivek wadher\OneDrive\Desktop\Documents\New project\FedLite_Project\Hospital_B\communication\local_model_updates\round_002_hospital_b_update.pt
target_host: 127.0.0.1
target_port: 9202

[2026-04-07T18:30:19] Receiving global model via LTX
hospital_name: Hospital_B
round_name: round_002
bind_host: 127.0.0.1
bind_port: 9102
destination_path: C:\Users\Vivek wadher\OneDrive\Desktop\Documents\New project\FedLite_Project\Hospital_B\communication\received_global_models\incoming_global_model.pt

[2026-04-07T18:30:19] Global model received via LTX
hospital_name: Hospital_B
round_name: round_002
sender_address: 127.0.0.1
sender_port: 3948
received_bytes: 2790
destination_path: C:\Users\Vivek wadher\OneDrive\Desktop\Documents\New project\FedLite_Project\Hospital_B\communication\received_global_models\incoming_global_model.pt
file_name: global_model_latest.pt

[2026-04-07T19:19:48] Sending local update via LTX
hospital_name: Hospital_B
round_name: round_003
target_host: 127.0.0.1
target_port: 9202
source_path: C:\Users\Vivek wadher\OneDrive\Desktop\Documents\New project\FedLite_Project\Hospital_B\communication\local_model_updates\round_003_hospital_b_update.pt

[2026-04-07T19:19:48] Local update sent via LTX
hospital_name: Hospital_B
round_name: round_003
bytes_sent: 4382
file_size: 4382
source_path: C:\Users\Vivek wadher\OneDrive\Desktop\Documents\New project\FedLite_Project\Hospital_B\communication\local_model_updates\round_003_hospital_b_update.pt
target_host: 127.0.0.1
target_port: 9202

[2026-04-07T19:19:48] Receiving global model via LTX
hospital_name: Hospital_B
round_name: round_003
bind_host: 127.0.0.1
bind_port: 9102
destination_path: C:\Users\Vivek wadher\OneDrive\Desktop\Documents\New project\FedLite_Project\Hospital_B\communication\received_global_models\incoming_global_model.pt

[2026-04-07T19:20:59] Global model received via LTX
hospital_name: Hospital_B
round_name: round_003
sender_address: 127.0.0.1
sender_port: 12298
received_bytes: 2807
destination_path: C:\Users\Vivek wadher\OneDrive\Desktop\Documents\New project\FedLite_Project\Hospital_B\communication\received_global_models\incoming_global_model.pt
file_name: global_model_latest.pt

[2026-04-09T16:37:37] Sending local update via LTX
hospital_name: Hospital_B
round_name: round_004
target_host: 127.0.0.1
target_port: 9202
source_path: C:\Users\Vivek wadher\OneDrive\Desktop\Documents\New project\FedLite_Project\Hospital_B\communication\local_model_updates\round_004_hospital_b_update.pt

[2026-04-09T16:37:43] Local update sent via LTX
hospital_name: Hospital_B
round_name: round_004
bytes_sent: 4422
file_size: 4422
source_path: C:\Users\Vivek wadher\OneDrive\Desktop\Documents\New project\FedLite_Project\Hospital_B\communication\local_model_updates\round_004_hospital_b_update.pt
target_host: 127.0.0.1
target_port: 9202

[2026-04-09T16:37:43] Receiving global model via LTX
hospital_name: Hospital_B
round_name: round_004
bind_host: 127.0.0.1
bind_port: 9102
destination_path: C:\Users\Vivek wadher\OneDrive\Desktop\Documents\New project\FedLite_Project\Hospital_B\communication\received_global_models\incoming_global_model.pt

[2026-04-09T16:37:51] Global model received via LTX
hospital_name: Hospital_B
round_name: round_004
sender_address: 127.0.0.1
sender_port: 7227
received_bytes: 2808
destination_path: C:\Users\Vivek wadher\OneDrive\Desktop\Documents\New project\FedLite_Project\Hospital_B\communication\received_global_models\incoming_global_model.pt
file_name: global_model_latest.pt

[2026-04-10T07:24:11] Sending local update via LTX
hospital_name: Hospital_B
round_name: round_005
target_host: 127.0.0.1
target_port: 9202
source_path: C:\Users\Vivek wadher\OneDrive\Desktop\Documents\New project\FedLite_Project\Hospital_B\communication\local_model_updates\round_005_hospital_b_update.pt

[2026-04-10T07:24:11] Local update sent via LTX
hospital_name: Hospital_B
round_name: round_005
bytes_sent: 4346
file_size: 4346
source_path: C:\Users\Vivek wadher\OneDrive\Desktop\Documents\New project\FedLite_Project\Hospital_B\communication\local_model_updates\round_005_hospital_b_update.pt
target_host: 127.0.0.1
target_port: 9202

[2026-04-10T07:24:11] Receiving global model via LTX
hospital_name: Hospital_B
round_name: round_005
bind_host: 127.0.0.1
bind_port: 9102
destination_path: C:\Users\Vivek wadher\OneDrive\Desktop\Documents\New project\FedLite_Project\Hospital_B\communication\received_global_models\incoming_global_model.pt

[2026-04-10T07:24:16] Global model received via LTX
hospital_name: Hospital_B
round_name: round_005
sender_address: 127.0.0.1
sender_port: 13744
received_bytes: 2793
destination_path: C:\Users\Vivek wadher\OneDrive\Desktop\Documents\New project\FedLite_Project\Hospital_B\communication\received_global_models\incoming_global_model.pt
file_name: global_model_latest.pt

[2026-04-10T11:33:59] Sending local update via LTX
hospital_name: Hospital_B
round_name: round_006
target_host: 127.0.0.1
target_port: 9202
source_path: C:\Users\Vivek wadher\OneDrive\Desktop\Documents\New project\FedLite_Project\Hospital_B\communication\local_model_updates\round_006_hospital_b_update.pt

[2026-04-10T11:34:00] Local update sent via LTX
hospital_name: Hospital_B
round_name: round_006
bytes_sent: 4351
file_size: 4351
source_path: C:\Users\Vivek wadher\OneDrive\Desktop\Documents\New project\FedLite_Project\Hospital_B\communication\local_model_updates\round_006_hospital_b_update.pt
target_host: 127.0.0.1
target_port: 9202

[2026-04-10T11:34:00] Receiving global model via LTX
hospital_name: Hospital_B
round_name: round_006
bind_host: 127.0.0.1
bind_port: 9102
destination_path: C:\Users\Vivek wadher\OneDrive\Desktop\Documents\New project\FedLite_Project\Hospital_B\communication\received_global_models\incoming_global_model.pt

[2026-04-10T11:34:10] Global model received via LTX
hospital_name: Hospital_B
round_name: round_006
sender_address: 127.0.0.1
sender_port: 5231
received_bytes: 2789
destination_path: C:\Users\Vivek wadher\OneDrive\Desktop\Documents\New project\FedLite_Project\Hospital_B\communication\received_global_models\incoming_global_model.pt
file_name: global_model_latest.pt

[2026-04-10T12:37:58] Sending local update via LTX
hospital_name: Hospital_B
round_name: round_007
target_host: 127.0.0.1
target_port: 9202
source_path: C:\Users\Vivek wadher\OneDrive\Desktop\Documents\New project\FedLite_Project\Hospital_B\communication\local_model_updates\round_007_hospital_b_update.pt

[2026-04-10T12:37:58] Local update sent via LTX
hospital_name: Hospital_B
round_name: round_007
bytes_sent: 4345
file_size: 4345
source_path: C:\Users\Vivek wadher\OneDrive\Desktop\Documents\New project\FedLite_Project\Hospital_B\communication\local_model_updates\round_007_hospital_b_update.pt
target_host: 127.0.0.1
target_port: 9202

[2026-04-10T12:37:58] Receiving global model via LTX
hospital_name: Hospital_B
round_name: round_007
bind_host: 127.0.0.1
bind_port: 9102
destination_path: C:\Users\Vivek wadher\OneDrive\Desktop\Documents\New project\FedLite_Project\Hospital_B\communication\received_global_models\incoming_global_model.pt

[2026-04-10T12:38:04] Global model received via LTX
hospital_name: Hospital_B
round_name: round_007
sender_address: 127.0.0.1
sender_port: 2100
received_bytes: 2794
destination_path: C:\Users\Vivek wadher\OneDrive\Desktop\Documents\New project\FedLite_Project\Hospital_B\communication\received_global_models\incoming_global_model.pt
file_name: global_model_latest.pt

[2026-04-10T14:33:32] Sending local update via LTX
hospital_name: Hospital_B
round_name: round_008
target_host: 127.0.0.1
target_port: 9202
source_path: C:\Users\Vivek wadher\OneDrive\Desktop\Documents\New project\FedLite_Project\Hospital_B\communication\local_model_updates\round_008_hospital_b_update.pt

[2026-04-10T14:33:32] Local update sent via LTX
hospital_name: Hospital_B
round_name: round_008
bytes_sent: 4363
file_size: 4363
source_path: C:\Users\Vivek wadher\OneDrive\Desktop\Documents\New project\FedLite_Project\Hospital_B\communication\local_model_updates\round_008_hospital_b_update.pt
target_host: 127.0.0.1
target_port: 9202

[2026-04-10T14:33:32] Receiving global model via LTX
hospital_name: Hospital_B
round_name: round_008
bind_host: 127.0.0.1
bind_port: 9102
destination_path: C:\Users\Vivek wadher\OneDrive\Desktop\Documents\New project\FedLite_Project\Hospital_B\communication\received_global_models\incoming_global_model.pt

[2026-04-10T14:33:36] Global model received via LTX
hospital_name: Hospital_B
round_name: round_008
sender_address: 127.0.0.1
sender_port: 14619
received_bytes: 2797
destination_path: C:\Users\Vivek wadher\OneDrive\Desktop\Documents\New project\FedLite_Project\Hospital_B\communication\received_global_models\incoming_global_model.pt
file_name: global_model_latest.pt

